-------------------------------------------------------------------------------
Test set: ru.netology.sqr.SQRServiceTest
-------------------------------------------------------------------------------
Tests run: 1, Failures: 1, Errors: 0, Skipped: 0, Time elapsed: 0.399 s <<< FAILURE! - in ru.netology.sqr.SQRServiceTest
shouldmultyplyByYourself  Time elapsed: 0.217 s  <<< FAILURE!
org.opentest4j.AssertionFailedError: expected: <5> but was: <4>
	at ru.netology.sqr.SQRServiceTest.shouldmultyplyByYourself(SQRServiceTest.java:14)

